  AOLGuiLibrary.cpp
C:\AOL\AOLGuiLibrary\include\agl\Block.h(45,34): error C2065: "Event": niezadeklarowany identyfikator
C:\AOL\AOLGuiLibrary\include\agl\Block.h(45,20): error C2974: "std::function": nieprawidłowy argument szablon dla "_Fty", oczekiwano typu
C:\Program Files (x86)\Microsoft Visual Studio\2019\Community\VC\Tools\MSVC\14.27.29110\include\functional(1107): message : zobacz deklarację „std::function”
C:\AOL\AOLGuiLibrary\include\agl\Block.h(45,20): error C3203: „function”: klasy niespecjalizowanej klasa szablon nie można użyć jako argumentu szablon dla parametru szablon „_Ty”, oczekiwano typu rzeczywistego
C:\AOL\AOLGuiLibrary\include\agl\Block.h(64,28): error C2061: błąd składniowy: identyfikator „Event”
C:\AOL\AOLGuiLibrary\include\agl\Block.h(65,30): error C2061: błąd składniowy: identyfikator „Event”
C:\AOL\AOLGuiLibrary\include\agl\Block.h(67,29): error C2061: błąd składniowy: identyfikator „Event”
C:\AOL\AOLGuiLibrary\include\agl\Block.h(136,46): error C2065: "Event": niezadeklarowany identyfikator
C:\AOL\AOLGuiLibrary\include\agl\Block.h(136,32): error C2974: "std::function": nieprawidłowy argument szablon dla "_Fty", oczekiwano typu
C:\Program Files (x86)\Microsoft Visual Studio\2019\Community\VC\Tools\MSVC\14.27.29110\include\functional(1107): message : zobacz deklarację „std::function”
C:\AOL\AOLGuiLibrary\include\agl\Block.h(136,54): error C2955: „std::function”: użycie klasy klasa szablon wymaga listy argumentów szablon
C:\Program Files (x86)\Microsoft Visual Studio\2019\Community\VC\Tools\MSVC\14.27.29110\include\functional(1107): message : zobacz deklarację „std::function”
C:\AOL\AOLGuiLibrary\include\agl\Block.h(138,26): error C2061: błąd składniowy: identyfikator „Event”
C:\AOL\AOLGuiLibrary\include\agl\Block.h(139,27): error C2061: błąd składniowy: identyfikator „Event”
C:\AOL\AOLGuiLibrary\include\agl\Block.h(171,28): error C2061: błąd składniowy: identyfikator „Event”
  Base.cpp
  Block.cpp
C:\AOL\AOLGuiLibrary\include\agl\Block.h(45,34): error C2065: "Event": niezadeklarowany identyfikator
C:\AOL\AOLGuiLibrary\include\agl\Block.h(45,20): error C2974: "std::function": nieprawidłowy argument szablon dla "_Fty", oczekiwano typu
C:\Program Files (x86)\Microsoft Visual Studio\2019\Community\VC\Tools\MSVC\14.27.29110\include\functional(1107): message : zobacz deklarację „std::function”
C:\AOL\AOLGuiLibrary\include\agl\Block.h(45,20): error C3203: „function”: klasy niespecjalizowanej klasa szablon nie można użyć jako argumentu szablon dla parametru szablon „_Ty”, oczekiwano typu rzeczywistego
C:\AOL\AOLGuiLibrary\include\agl\Block.h(64,28): error C2061: błąd składniowy: identyfikator „Event”
C:\AOL\AOLGuiLibrary\include\agl\Block.h(65,30): error C2061: błąd składniowy: identyfikator „Event”
C:\AOL\AOLGuiLibrary\include\agl\Block.h(67,29): error C2061: błąd składniowy: identyfikator „Event”
C:\AOL\AOLGuiLibrary\include\agl\Block.h(136,46): error C2065: "Event": niezadeklarowany identyfikator
C:\AOL\AOLGuiLibrary\include\agl\Block.h(136,32): error C2974: "std::function": nieprawidłowy argument szablon dla "_Fty", oczekiwano typu
C:\Program Files (x86)\Microsoft Visual Studio\2019\Community\VC\Tools\MSVC\14.27.29110\include\functional(1107): message : zobacz deklarację „std::function”
C:\AOL\AOLGuiLibrary\include\agl\Block.h(136,54): error C2955: „std::function”: użycie klasy klasa szablon wymaga listy argumentów szablon
C:\Program Files (x86)\Microsoft Visual Studio\2019\Community\VC\Tools\MSVC\14.27.29110\include\functional(1107): message : zobacz deklarację „std::function”
C:\AOL\AOLGuiLibrary\include\agl\Block.h(138,26): error C2061: błąd składniowy: identyfikator „Event”
C:\AOL\AOLGuiLibrary\include\agl\Block.h(139,27): error C2061: błąd składniowy: identyfikator „Event”
C:\AOL\AOLGuiLibrary\include\agl\Block.h(171,28): error C2061: błąd składniowy: identyfikator „Event”
C:\AOL\AOLGuiLibrary\source\Block.cpp(59,3): error C2660: "agl::Block::raise_event": funkcja nie przyjmuje 1 argumentów
C:\AOL\AOLGuiLibrary\include\agl\Block.h(138,8): message : zobacz deklarację „agl::Block::raise_event”
C:\AOL\AOLGuiLibrary\source\Block.cpp(139,64): error C2660: "agl::Block::raise_event": funkcja nie przyjmuje 1 argumentów
C:\AOL\AOLGuiLibrary\include\agl\Block.h(138,8): message : zobacz deklarację „agl::Block::raise_event”
C:\AOL\AOLGuiLibrary\source\Block.cpp(328,21): error C2039: „calculated”: nie jest składową elementu „agl::Color”
C:\AOL\AOLGuiLibrary\include\agl\GraphicsHandler.h(22): message : zobacz deklarację „agl::Color”
C:\AOL\AOLGuiLibrary\source\Block.cpp(323,3): error C2660: "al_draw_filled_rectangle": funkcja nie przyjmuje 4 argumentów
C:\AOL\packages\Allegro.5.2.6\build\native\include\allegro5\allegro_primitives.h(237,1): message : zobacz deklarację „al_draw_filled_rectangle”
C:\AOL\AOLGuiLibrary\source\Block.cpp(335,28): error C2039: „calculated”: nie jest składową elementu „agl::Color”
C:\AOL\AOLGuiLibrary\include\agl\GraphicsHandler.h(22): message : zobacz deklarację „agl::Color”
C:\AOL\AOLGuiLibrary\source\Block.cpp(332,3): error C2660: "al_draw_filled_polygon": funkcja nie przyjmuje 2 argumentów
C:\AOL\packages\Allegro.5.2.6\build\native\include\allegro5\allegro_primitives.h(246,1): message : zobacz deklarację „al_draw_filled_polygon”
C:\AOL\AOLGuiLibrary\source\Block.cpp(342,29): error C2039: „calculated”: nie jest składową elementu „agl::Color”
C:\AOL\AOLGuiLibrary\include\agl\GraphicsHandler.h(22): message : zobacz deklarację „agl::Color”
C:\AOL\AOLGuiLibrary\source\Block.cpp(339,3): error C2660: "al_draw_filled_polygon": funkcja nie przyjmuje 2 argumentów
C:\AOL\packages\Allegro.5.2.6\build\native\include\allegro5\allegro_primitives.h(246,1): message : zobacz deklarację „al_draw_filled_polygon”
C:\AOL\AOLGuiLibrary\source\Block.cpp(349,27): error C2039: „calculated”: nie jest składową elementu „agl::Color”
C:\AOL\AOLGuiLibrary\include\agl\GraphicsHandler.h(22): message : zobacz deklarację „agl::Color”
C:\AOL\AOLGuiLibrary\source\Block.cpp(346,3): error C2660: "al_draw_filled_polygon": funkcja nie przyjmuje 2 argumentów
C:\AOL\packages\Allegro.5.2.6\build\native\include\allegro5\allegro_primitives.h(246,1): message : zobacz deklarację „al_draw_filled_polygon”
C:\AOL\AOLGuiLibrary\source\Block.cpp(356,26): error C2039: „calculated”: nie jest składową elementu „agl::Color”
C:\AOL\AOLGuiLibrary\include\agl\GraphicsHandler.h(22): message : zobacz deklarację „agl::Color”
C:\AOL\AOLGuiLibrary\source\Block.cpp(353,3): error C2660: "al_draw_filled_polygon": funkcja nie przyjmuje 2 argumentów
C:\AOL\packages\Allegro.5.2.6\build\native\include\allegro5\allegro_primitives.h(246,1): message : zobacz deklarację „al_draw_filled_polygon”
C:\AOL\AOLGuiLibrary\source\Block.cpp(368,28): error C2065: "Event": niezadeklarowany identyfikator
C:\AOL\AOLGuiLibrary\source\Block.cpp(368,34): error C2146: błąd składniowy: brakuje „)” przed identyfikatorem „e”
C:\AOL\AOLGuiLibrary\source\Block.cpp(369,2): error C2143: błąd składniowy: brakuje „;” przed „{”
C:\AOL\AOLGuiLibrary\source\Block.cpp(369,2): error C2447: "{": brak nagłówka funkcji (stary styl formalnej listy?)
C:\AOL\AOLGuiLibrary\source\Block.cpp(374,30): error C2065: "Event": niezadeklarowany identyfikator
C:\AOL\AOLGuiLibrary\source\Block.cpp(374,36): error C2146: błąd składniowy: brakuje „)” przed identyfikatorem „e”
C:\AOL\AOLGuiLibrary\source\Block.cpp(375,2): error C2143: błąd składniowy: brakuje „;” przed „{”
C:\AOL\AOLGuiLibrary\source\Block.cpp(375,2): error C2447: "{": brak nagłówka funkcji (stary styl formalnej listy?)
C:\AOL\AOLGuiLibrary\source\Block.cpp(380,29): error C2065: "Event": niezadeklarowany identyfikator
C:\AOL\AOLGuiLibrary\source\Block.cpp(380,35): error C2146: błąd składniowy: brakuje „)” przed identyfikatorem „e”
C:\AOL\AOLGuiLibrary\source\Block.cpp(381,2): error C2143: błąd składniowy: brakuje „;” przed „{”
C:\AOL\AOLGuiLibrary\source\Block.cpp(381,2): error C2447: "{": brak nagłówka funkcji (stary styl formalnej listy?)
C:\AOL\AOLGuiLibrary\source\Block.cpp(420,23): error C2039: „calculated”: nie jest składową elementu „agl::Color”
C:\AOL\AOLGuiLibrary\include\agl\GraphicsHandler.h(22): message : zobacz deklarację „agl::Color”
C:\AOL\AOLGuiLibrary\source\Block.cpp(415,5): error C2660: "al_draw_filled_rectangle": funkcja nie przyjmuje 4 argumentów
C:\AOL\packages\Allegro.5.2.6\build\native\include\allegro5\allegro_primitives.h(237,1): message : zobacz deklarację „al_draw_filled_rectangle”
C:\AOL\AOLGuiLibrary\source\Block.cpp(497,72): error C2660: "agl::Block::raise_event": funkcja nie przyjmuje 1 argumentów
C:\AOL\AOLGuiLibrary\include\agl\Block.h(138,8): message : zobacz deklarację „agl::Block::raise_event”
C:\AOL\AOLGuiLibrary\source\Block.cpp(499,70): error C2660: "agl::Block::raise_event": funkcja nie przyjmuje 1 argumentów
C:\AOL\AOLGuiLibrary\include\agl\Block.h(138,8): message : zobacz deklarację „agl::Block::raise_event”
C:\AOL\AOLGuiLibrary\source\Block.cpp(512,52): error C2065: "Event": niezadeklarowany identyfikator
C:\AOL\AOLGuiLibrary\source\Block.cpp(512,38): error C2974: "std::function": nieprawidłowy argument szablon dla "_Fty", oczekiwano typu
C:\Program Files (x86)\Microsoft Visual Studio\2019\Community\VC\Tools\MSVC\14.27.29110\include\functional(1107): message : zobacz deklarację „std::function”
C:\AOL\AOLGuiLibrary\source\Block.cpp(512,60): error C2955: „std::function”: użycie klasy klasa szablon wymaga listy argumentów szablon
C:\Program Files (x86)\Microsoft Visual Studio\2019\Community\VC\Tools\MSVC\14.27.29110\include\functional(1107): message : zobacz deklarację „std::function”
C:\AOL\AOLGuiLibrary\source\Block.cpp(514,37): error C2664: „void std::vector<int,std::allocator<int>>::push_back(_Ty &&)”: nie można dokonać konwersji argumentu 1 z „std::function” do „const _Ty &”
          with
          [
              _Ty=int
          ]
C:\AOL\AOLGuiLibrary\source\Block.cpp(514,37): message : Przyczyna: nie można skonwertować z "std::function" na "const _Ty"
          with
          [
              _Ty=int
          ]
C:\AOL\AOLGuiLibrary\source\Block.cpp(514,29): message : Nie jest dostępny żaden operator konwersji zdefiniowany przez użytkownika, który mógłby wykonać tę konwersję lub operator nie może zostać wywołany
C:\Program Files (x86)\Microsoft Visual Studio\2019\Community\VC\Tools\MSVC\14.27.29110\include\vector(716,10): message : zobacz deklarację „std::vector<int,std::allocator<int>>::push_back”
C:\AOL\AOLGuiLibrary\source\Block.cpp(517,26): error C2065: "Event": niezadeklarowany identyfikator
C:\AOL\AOLGuiLibrary\source\Block.cpp(517,32): error C2146: błąd składniowy: brakuje „)” przed identyfikatorem „e”
C:\AOL\AOLGuiLibrary\source\Block.cpp(518,2): error C2143: błąd składniowy: brakuje „;” przed „{”
C:\AOL\AOLGuiLibrary\source\Block.cpp(518,2): error C2447: "{": brak nagłówka funkcji (stary styl formalnej listy?)
C:\AOL\AOLGuiLibrary\source\Block.cpp(528,27): error C2065: "Event": niezadeklarowany identyfikator
C:\AOL\AOLGuiLibrary\source\Block.cpp(528,33): error C2146: błąd składniowy: brakuje „)” przed identyfikatorem „e”
C:\AOL\AOLGuiLibrary\source\Block.cpp(529,2): error C2143: błąd składniowy: brakuje „;” przed „{”
C:\AOL\AOLGuiLibrary\source\Block.cpp(529,2): error C2447: "{": brak nagłówka funkcji (stary styl formalnej listy?)
C:\AOL\AOLGuiLibrary\source\Block.cpp(576,83): error C2664: „void agl::Block::add_event_function(std::function)”: nie można dokonać konwersji argumentu 1 z „std::_Binder<std::_Unforced,void (__cdecl agl::Block::* )(void),agl::Block *,const std::_Ph<1> &>” do „std::function”
C:\AOL\AOLGuiLibrary\source\Block.cpp(576,31): message : Nie jest dostępny żaden operator konwersji zdefiniowany przez użytkownika, który mógłby wykonać tę konwersję lub operator nie może zostać wywołany
C:\AOL\AOLGuiLibrary\source\Block.cpp(512,14): message : zobacz deklarację „agl::Block::add_event_function”
C:\AOL\AOLGuiLibrary\source\Block.cpp(577,85): error C2664: „void agl::Block::add_event_function(std::function)”: nie można dokonać konwersji argumentu 1 z „std::_Binder<std::_Unforced,void (__cdecl agl::Block::* )(void),agl::Block *,const std::_Ph<1> &>” do „std::function”
C:\AOL\AOLGuiLibrary\source\Block.cpp(577,31): message : Nie jest dostępny żaden operator konwersji zdefiniowany przez użytkownika, który mógłby wykonać tę konwersję lub operator nie może zostać wywołany
C:\AOL\AOLGuiLibrary\source\Block.cpp(512,14): message : zobacz deklarację „agl::Block::add_event_function”
C:\AOL\AOLGuiLibrary\source\Block.cpp(582,3): error C2664: „void agl::Block::add_event_function(std::function)”: nie można dokonać konwersji argumentu 1 z „std::_Binder<std::_Unforced,void (__cdecl agl::Block::* )(void),agl::Block *,const std::_Ph<1> &>” do „std::function”
C:\AOL\AOLGuiLibrary\source\Block.cpp(583,13): message : Nie jest dostępny żaden operator konwersji zdefiniowany przez użytkownika, który mógłby wykonać tę konwersję lub operator nie może zostać wywołany
C:\AOL\AOLGuiLibrary\source\Block.cpp(512,14): message : zobacz deklarację „agl::Block::add_event_function”
C:\AOL\AOLGuiLibrary\source\Block.cpp(603,70): error C2660: "agl::Block::raise_event": funkcja nie przyjmuje 1 argumentów
C:\AOL\AOLGuiLibrary\include\agl\Block.h(138,8): message : zobacz deklarację „agl::Block::raise_event”
C:\AOL\AOLGuiLibrary\source\Block.cpp(605,72): error C2660: "agl::Block::raise_event": funkcja nie przyjmuje 1 argumentów
C:\AOL\AOLGuiLibrary\include\agl\Block.h(138,8): message : zobacz deklarację „agl::Block::raise_event”
C:\AOL\AOLGuiLibrary\source\Block.cpp(644,28): error C2065: "Event": niezadeklarowany identyfikator
C:\AOL\AOLGuiLibrary\source\Block.cpp(644,34): error C2146: błąd składniowy: brakuje „)” przed identyfikatorem „e”
C:\AOL\AOLGuiLibrary\source\Block.cpp(645,2): error C2143: błąd składniowy: brakuje „;” przed „{”
C:\AOL\AOLGuiLibrary\source\Block.cpp(645,2): error C2447: "{": brak nagłówka funkcji (stary styl formalnej listy?)
C:\AOL\AOLGuiLibrary\source\Block.cpp(729,25): warning C4267: "return": konwersja z "size_t" do "int", możliwa utrata danych
  Button.cpp
C:\AOL\AOLGuiLibrary\include\agl\Block.h(45,34): error C2065: "Event": niezadeklarowany identyfikator
C:\AOL\AOLGuiLibrary\include\agl\Block.h(45,20): error C2974: "std::function": nieprawidłowy argument szablon dla "_Fty", oczekiwano typu
C:\Program Files (x86)\Microsoft Visual Studio\2019\Community\VC\Tools\MSVC\14.27.29110\include\functional(1107): message : zobacz deklarację „std::function”
C:\AOL\AOLGuiLibrary\include\agl\Block.h(45,20): error C3203: „function”: klasy niespecjalizowanej klasa szablon nie można użyć jako argumentu szablon dla parametru szablon „_Ty”, oczekiwano typu rzeczywistego
C:\AOL\AOLGuiLibrary\include\agl\Block.h(64,28): error C2061: błąd składniowy: identyfikator „Event”
C:\AOL\AOLGuiLibrary\include\agl\Block.h(65,30): error C2061: błąd składniowy: identyfikator „Event”
C:\AOL\AOLGuiLibrary\include\agl\Block.h(67,29): error C2061: błąd składniowy: identyfikator „Event”
C:\AOL\AOLGuiLibrary\include\agl\Block.h(136,46): error C2065: "Event": niezadeklarowany identyfikator
C:\AOL\AOLGuiLibrary\include\agl\Block.h(136,32): error C2974: "std::function": nieprawidłowy argument szablon dla "_Fty", oczekiwano typu
C:\Program Files (x86)\Microsoft Visual Studio\2019\Community\VC\Tools\MSVC\14.27.29110\include\functional(1107): message : zobacz deklarację „std::function”
C:\AOL\AOLGuiLibrary\include\agl\Block.h(136,54): error C2955: „std::function”: użycie klasy klasa szablon wymaga listy argumentów szablon
C:\Program Files (x86)\Microsoft Visual Studio\2019\Community\VC\Tools\MSVC\14.27.29110\include\functional(1107): message : zobacz deklarację „std::function”
C:\AOL\AOLGuiLibrary\include\agl\Block.h(138,26): error C2061: błąd składniowy: identyfikator „Event”
C:\AOL\AOLGuiLibrary\include\agl\Block.h(139,27): error C2061: błąd składniowy: identyfikator „Event”
C:\AOL\AOLGuiLibrary\include\agl\Block.h(171,28): error C2061: błąd składniowy: identyfikator „Event”
C:\AOL\AOLGuiLibrary\include\agl\builtins\Button.h(16,22): error C2065: "Event": niezadeklarowany identyfikator
C:\AOL\AOLGuiLibrary\include\agl\builtins\Button.h(16,21): error C2059: błąd składniowy: „)”
C:\AOL\AOLGuiLibrary\include\agl\builtins\Button.h(17,22): error C2065: "Event": niezadeklarowany identyfikator
C:\AOL\AOLGuiLibrary\include\agl\builtins\Button.h(17,21): error C2059: błąd składniowy: „)”
C:\AOL\AOLGuiLibrary\include\agl\builtins\Button.h(18,22): error C2065: "Event": niezadeklarowany identyfikator
C:\AOL\AOLGuiLibrary\include\agl\builtins\Button.h(18,21): error C2059: błąd składniowy: „)”
C:\AOL\AOLGuiLibrary\include\agl\builtins\Button.h(23,29): error C2061: błąd składniowy: identyfikator „Event”
C:\AOL\AOLGuiLibrary\include\agl\builtins\Button.h(24,45): error C2061: błąd składniowy: identyfikator „Event”
C:\AOL\AOLGuiLibrary\include\agl\builtins\Button.h(35,46): error C2065: "Event": niezadeklarowany identyfikator
C:\AOL\AOLGuiLibrary\include\agl\builtins\Button.h(35,45): error C2059: błąd składniowy: „)”
C:\AOL\AOLGuiLibrary\include\agl\builtins\Button.h(36,53): error C2065: "Event": niezadeklarowany identyfikator
C:\AOL\AOLGuiLibrary\include\agl\builtins\Button.h(36,52): error C2059: błąd składniowy: „)”
C:\AOL\AOLGuiLibrary\include\agl\builtins\Button.h(37,51): error C2065: "Event": niezadeklarowany identyfikator
C:\AOL\AOLGuiLibrary\include\agl\builtins\Button.h(37,50): error C2059: błąd składniowy: „)”
C:\AOL\AOLGuiLibrary\source\builtins\Button.cpp(6,30): error C2065: "Event": niezadeklarowany identyfikator
C:\AOL\AOLGuiLibrary\source\builtins\Button.cpp(6,36): error C2146: błąd składniowy: brakuje „)” przed identyfikatorem „e”
C:\AOL\AOLGuiLibrary\source\builtins\Button.cpp(7,2): error C2143: błąd składniowy: brakuje „;” przed „{”
C:\AOL\AOLGuiLibrary\source\builtins\Button.cpp(7,2): error C2447: "{": brak nagłówka funkcji (stary styl formalnej listy?)
C:\AOL\AOLGuiLibrary\source\builtins\Button.cpp(47,46): error C2065: "Event": niezadeklarowany identyfikator
C:\AOL\AOLGuiLibrary\source\builtins\Button.cpp(47,52): error C2146: błąd składniowy: brakuje „)” przed identyfikatorem „e”
C:\AOL\AOLGuiLibrary\source\builtins\Button.cpp(48,2): error C2143: błąd składniowy: brakuje „;” przed „{”
C:\AOL\AOLGuiLibrary\source\builtins\Button.cpp(48,2): error C2447: "{": brak nagłówka funkcji (stary styl formalnej listy?)
C:\AOL\AOLGuiLibrary\source\builtins\Button.cpp(67,3): error C2664: „void agl::Block::add_event_function(std::function)”: nie można dokonać konwersji argumentu 1 z „std::_Binder<std::_Unforced,void (__cdecl agl::builtins::Button::* )(void),agl::builtins::Button *,const std::_Ph<1> &>” do „std::function”
C:\AOL\AOLGuiLibrary\source\builtins\Button.cpp(68,13): message : Nie jest dostępny żaden operator konwersji zdefiniowany przez użytkownika, który mógłby wykonać tę konwersję lub operator nie może zostać wywołany
C:\AOL\AOLGuiLibrary\include\agl\Block.h(136,8): message : zobacz deklarację „agl::Block::add_event_function”
C:\AOL\AOLGuiLibrary\source\builtins\Button.cpp(99,53): error C2065: "Event": niezadeklarowany identyfikator
C:\AOL\AOLGuiLibrary\source\builtins\Button.cpp(99,52): error C2059: błąd składniowy: „)”
C:\AOL\AOLGuiLibrary\source\builtins\Button.cpp(104,60): error C2065: "Event": niezadeklarowany identyfikator
C:\AOL\AOLGuiLibrary\source\builtins\Button.cpp(104,59): error C2059: błąd składniowy: „)”
C:\AOL\AOLGuiLibrary\source\builtins\Button.cpp(109,58): error C2065: "Event": niezadeklarowany identyfikator
C:\AOL\AOLGuiLibrary\source\builtins\Button.cpp(109,57): error C2059: błąd składniowy: „)”
C:\AOL\AOLGuiLibrary\source\builtins\Button.cpp(131,3): error C2664: „void agl::Block::add_event_function(std::function)”: nie można dokonać konwersji argumentu 1 z „std::_Binder<std::_Unforced,void (__cdecl agl::builtins::Button::* )(void),agl::builtins::Button *,const std::_Ph<1> &>” do „std::function”
C:\AOL\AOLGuiLibrary\source\builtins\Button.cpp(132,13): message : Nie jest dostępny żaden operator konwersji zdefiniowany przez użytkownika, który mógłby wykonać tę konwersję lub operator nie może zostać wywołany
C:\AOL\AOLGuiLibrary\include\agl\Block.h(136,8): message : zobacz deklarację „agl::Block::add_event_function”
  Flow.cpp
C:\AOL\AOLGuiLibrary\include\agl\Block.h(45,34): error C2065: "Event": niezadeklarowany identyfikator
C:\AOL\AOLGuiLibrary\include\agl\Block.h(45,20): error C2974: "std::function": nieprawidłowy argument szablon dla "_Fty", oczekiwano typu
C:\Program Files (x86)\Microsoft Visual Studio\2019\Community\VC\Tools\MSVC\14.27.29110\include\functional(1107): message : zobacz deklarację „std::function”
C:\AOL\AOLGuiLibrary\include\agl\Block.h(45,20): error C3203: „function”: klasy niespecjalizowanej klasa szablon nie można użyć jako argumentu szablon dla parametru szablon „_Ty”, oczekiwano typu rzeczywistego
C:\AOL\AOLGuiLibrary\include\agl\Block.h(64,28): error C2061: błąd składniowy: identyfikator „Event”
C:\AOL\AOLGuiLibrary\include\agl\Block.h(65,30): error C2061: błąd składniowy: identyfikator „Event”
C:\AOL\AOLGuiLibrary\include\agl\Block.h(67,29): error C2061: błąd składniowy: identyfikator „Event”
C:\AOL\AOLGuiLibrary\include\agl\Block.h(136,46): error C2065: "Event": niezadeklarowany identyfikator
C:\AOL\AOLGuiLibrary\include\agl\Block.h(136,32): error C2974: "std::function": nieprawidłowy argument szablon dla "_Fty", oczekiwano typu
C:\Program Files (x86)\Microsoft Visual Studio\2019\Community\VC\Tools\MSVC\14.27.29110\include\functional(1107): message : zobacz deklarację „std::function”
C:\AOL\AOLGuiLibrary\include\agl\Block.h(136,54): error C2955: „std::function”: użycie klasy klasa szablon wymaga listy argumentów szablon
C:\Program Files (x86)\Microsoft Visual Studio\2019\Community\VC\Tools\MSVC\14.27.29110\include\functional(1107): message : zobacz deklarację „std::function”
C:\AOL\AOLGuiLibrary\include\agl\Block.h(138,26): error C2061: błąd składniowy: identyfikator „Event”
C:\AOL\AOLGuiLibrary\include\agl\Block.h(139,27): error C2061: błąd składniowy: identyfikator „Event”
C:\AOL\AOLGuiLibrary\include\agl\Block.h(171,28): error C2061: błąd składniowy: identyfikator „Event”
C:\AOL\AOLGuiLibrary\include\agl\builtins\Flow.h(22,40): error C2061: błąd składniowy: identyfikator „Event”
C:\AOL\AOLGuiLibrary\source\builtins\Flow.cpp(130,33): error C2065: "Event": niezadeklarowany identyfikator
C:\AOL\AOLGuiLibrary\source\builtins\Flow.cpp(130,39): error C2146: błąd składniowy: brakuje „)” przed identyfikatorem „e”
C:\AOL\AOLGuiLibrary\source\builtins\Flow.cpp(131,2): error C2143: błąd składniowy: brakuje „;” przed „{”
C:\AOL\AOLGuiLibrary\source\builtins\Flow.cpp(131,2): error C2447: "{": brak nagłówka funkcji (stary styl formalnej listy?)
C:\AOL\AOLGuiLibrary\source\builtins\Flow.cpp(243,88): error C2664: „void agl::Block::add_event_function(std::function)”: nie można dokonać konwersji argumentu 1 z „std::_Binder<std::_Unforced,void (__cdecl agl::builtins::Flow::* )(void),agl::builtins::Flow *,const std::_Ph<1> &>” do „std::function”
C:\AOL\AOLGuiLibrary\source\builtins\Flow.cpp(243,31): message : Nie jest dostępny żaden operator konwersji zdefiniowany przez użytkownika, który mógłby wykonać tę konwersję lub operator nie może zostać wywołany
C:\AOL\AOLGuiLibrary\include\agl\Block.h(136,8): message : zobacz deklarację „agl::Block::add_event_function”
  ImageBlock.cpp
C:\AOL\AOLGuiLibrary\include\agl\Block.h(45,34): error C2065: "Event": niezadeklarowany identyfikator
C:\AOL\AOLGuiLibrary\include\agl\Block.h(45,20): error C2974: "std::function": nieprawidłowy argument szablon dla "_Fty", oczekiwano typu
C:\Program Files (x86)\Microsoft Visual Studio\2019\Community\VC\Tools\MSVC\14.27.29110\include\functional(1107): message : zobacz deklarację „std::function”
C:\AOL\AOLGuiLibrary\include\agl\Block.h(45,20): error C3203: „function”: klasy niespecjalizowanej klasa szablon nie można użyć jako argumentu szablon dla parametru szablon „_Ty”, oczekiwano typu rzeczywistego
C:\AOL\AOLGuiLibrary\include\agl\Block.h(64,28): error C2061: błąd składniowy: identyfikator „Event”
C:\AOL\AOLGuiLibrary\include\agl\Block.h(65,30): error C2061: błąd składniowy: identyfikator „Event”
C:\AOL\AOLGuiLibrary\include\agl\Block.h(67,29): error C2061: błąd składniowy: identyfikator „Event”
C:\AOL\AOLGuiLibrary\include\agl\Block.h(136,46): error C2065: "Event": niezadeklarowany identyfikator
C:\AOL\AOLGuiLibrary\include\agl\Block.h(136,32): error C2974: "std::function": nieprawidłowy argument szablon dla "_Fty", oczekiwano typu
C:\Program Files (x86)\Microsoft Visual Studio\2019\Community\VC\Tools\MSVC\14.27.29110\include\functional(1107): message : zobacz deklarację „std::function”
C:\AOL\AOLGuiLibrary\include\agl\Block.h(136,54): error C2955: „std::function”: użycie klasy klasa szablon wymaga listy argumentów szablon
C:\Program Files (x86)\Microsoft Visual Studio\2019\Community\VC\Tools\MSVC\14.27.29110\include\functional(1107): message : zobacz deklarację „std::function”
C:\AOL\AOLGuiLibrary\include\agl\Block.h(138,26): error C2061: błąd składniowy: identyfikator „Event”
C:\AOL\AOLGuiLibrary\include\agl\Block.h(139,27): error C2061: błąd składniowy: identyfikator „Event”
C:\AOL\AOLGuiLibrary\include\agl\Block.h(171,28): error C2061: błąd składniowy: identyfikator „Event”
C:\AOL\AOLGuiLibrary\source\builtins\ImageBlock.cpp(146,12): error C2039: „bitmap”: nie jest składową elementu „agl::Image”
C:\AOL\AOLGuiLibrary\include\agl\GraphicsHandler.h(44): message : zobacz deklarację „agl::Image”
  Label.cpp
C:\AOL\AOLGuiLibrary\include\agl\Block.h(45,34): error C2065: "Event": niezadeklarowany identyfikator
C:\AOL\AOLGuiLibrary\include\agl\Block.h(45,20): error C2974: "std::function": nieprawidłowy argument szablon dla "_Fty", oczekiwano typu
C:\Program Files (x86)\Microsoft Visual Studio\2019\Community\VC\Tools\MSVC\14.27.29110\include\functional(1107): message : zobacz deklarację „std::function”
C:\AOL\AOLGuiLibrary\include\agl\Block.h(45,20): error C3203: „function”: klasy niespecjalizowanej klasa szablon nie można użyć jako argumentu szablon dla parametru szablon „_Ty”, oczekiwano typu rzeczywistego
C:\AOL\AOLGuiLibrary\include\agl\Block.h(64,28): error C2061: błąd składniowy: identyfikator „Event”
C:\AOL\AOLGuiLibrary\include\agl\Block.h(65,30): error C2061: błąd składniowy: identyfikator „Event”
C:\AOL\AOLGuiLibrary\include\agl\Block.h(67,29): error C2061: błąd składniowy: identyfikator „Event”
C:\AOL\AOLGuiLibrary\include\agl\Block.h(136,46): error C2065: "Event": niezadeklarowany identyfikator
C:\AOL\AOLGuiLibrary\include\agl\Block.h(136,32): error C2974: "std::function": nieprawidłowy argument szablon dla "_Fty", oczekiwano typu
C:\Program Files (x86)\Microsoft Visual Studio\2019\Community\VC\Tools\MSVC\14.27.29110\include\functional(1107): message : zobacz deklarację „std::function”
C:\AOL\AOLGuiLibrary\include\agl\Block.h(136,54): error C2955: „std::function”: użycie klasy klasa szablon wymaga listy argumentów szablon
C:\Program Files (x86)\Microsoft Visual Studio\2019\Community\VC\Tools\MSVC\14.27.29110\include\functional(1107): message : zobacz deklarację „std::function”
C:\AOL\AOLGuiLibrary\include\agl\Block.h(138,26): error C2061: błąd składniowy: identyfikator „Event”
C:\AOL\AOLGuiLibrary\include\agl\Block.h(139,27): error C2061: błąd składniowy: identyfikator „Event”
C:\AOL\AOLGuiLibrary\include\agl\Block.h(171,28): error C2061: błąd składniowy: identyfikator „Event”
C:\AOL\AOLGuiLibrary\source\builtins\Label.cpp(292,66): error C2660: "agl::Block::raise_event": funkcja nie przyjmuje 1 argumentów
C:\AOL\AOLGuiLibrary\include\agl\Block.h(138,8): message : zobacz deklarację „agl::Block::raise_event”
C:\AOL\AOLGuiLibrary\source\builtins\Label.cpp(304,18): error C2039: „calculated”: nie jest składową elementu „agl::Color”
C:\AOL\AOLGuiLibrary\include\agl\GraphicsHandler.h(22): message : zobacz deklarację „agl::Color”
C:\AOL\AOLGuiLibrary\source\builtins\Label.cpp(302,5): error C2660: "al_draw_text": funkcja nie przyjmuje 5 argumentów
C:\AOL\packages\Allegro.5.2.6\build\native\include\allegro5\allegro_font.h(87,1): message : zobacz deklarację „al_draw_text”
C:\AOL\AOLGuiLibrary\source\builtins\Label.cpp(310,19): error C2039: „bitmap”: nie jest składową elementu „agl::Image”
C:\AOL\AOLGuiLibrary\include\agl\GraphicsHandler.h(44): message : zobacz deklarację „agl::Image”
  Layout.cpp
C:\AOL\AOLGuiLibrary\include\agl\Block.h(45,34): error C2065: "Event": niezadeklarowany identyfikator
C:\AOL\AOLGuiLibrary\include\agl\Block.h(45,20): error C2974: "std::function": nieprawidłowy argument szablon dla "_Fty", oczekiwano typu
C:\Program Files (x86)\Microsoft Visual Studio\2019\Community\VC\Tools\MSVC\14.27.29110\include\functional(1107): message : zobacz deklarację „std::function”
C:\AOL\AOLGuiLibrary\include\agl\Block.h(45,20): error C3203: „function”: klasy niespecjalizowanej klasa szablon nie można użyć jako argumentu szablon dla parametru szablon „_Ty”, oczekiwano typu rzeczywistego
C:\AOL\AOLGuiLibrary\include\agl\Block.h(64,28): error C2061: błąd składniowy: identyfikator „Event”
C:\AOL\AOLGuiLibrary\include\agl\Block.h(65,30): error C2061: błąd składniowy: identyfikator „Event”
C:\AOL\AOLGuiLibrary\include\agl\Block.h(67,29): error C2061: błąd składniowy: identyfikator „Event”
C:\AOL\AOLGuiLibrary\include\agl\Block.h(136,46): error C2065: "Event": niezadeklarowany identyfikator
C:\AOL\AOLGuiLibrary\include\agl\Block.h(136,32): error C2974: "std::function": nieprawidłowy argument szablon dla "_Fty", oczekiwano typu
C:\Program Files (x86)\Microsoft Visual Studio\2019\Community\VC\Tools\MSVC\14.27.29110\include\functional(1107): message : zobacz deklarację „std::function”
C:\AOL\AOLGuiLibrary\include\agl\Block.h(136,54): error C2955: „std::function”: użycie klasy klasa szablon wymaga listy argumentów szablon
C:\Program Files (x86)\Microsoft Visual Studio\2019\Community\VC\Tools\MSVC\14.27.29110\include\functional(1107): message : zobacz deklarację „std::function”
C:\AOL\AOLGuiLibrary\include\agl\Block.h(138,26): error C2061: błąd składniowy: identyfikator „Event”
C:\AOL\AOLGuiLibrary\include\agl\Block.h(139,27): error C2061: błąd składniowy: identyfikator „Event”
C:\AOL\AOLGuiLibrary\include\agl\Block.h(171,28): error C2061: błąd składniowy: identyfikator „Event”
  Scrollbar.cpp
C:\AOL\AOLGuiLibrary\include\agl\Block.h(45,34): error C2065: "Event": niezadeklarowany identyfikator
C:\AOL\AOLGuiLibrary\include\agl\Block.h(45,20): error C2974: "std::function": nieprawidłowy argument szablon dla "_Fty", oczekiwano typu
C:\Program Files (x86)\Microsoft Visual Studio\2019\Community\VC\Tools\MSVC\14.27.29110\include\functional(1107): message : zobacz deklarację „std::function”
C:\AOL\AOLGuiLibrary\include\agl\Block.h(45,20): error C3203: „function”: klasy niespecjalizowanej klasa szablon nie można użyć jako argumentu szablon dla parametru szablon „_Ty”, oczekiwano typu rzeczywistego
C:\AOL\AOLGuiLibrary\include\agl\Block.h(64,28): error C2061: błąd składniowy: identyfikator „Event”
C:\AOL\AOLGuiLibrary\include\agl\Block.h(65,30): error C2061: błąd składniowy: identyfikator „Event”
C:\AOL\AOLGuiLibrary\include\agl\Block.h(67,29): error C2061: błąd składniowy: identyfikator „Event”
C:\AOL\AOLGuiLibrary\include\agl\Block.h(136,46): error C2065: "Event": niezadeklarowany identyfikator
C:\AOL\AOLGuiLibrary\include\agl\Block.h(136,32): error C2974: "std::function": nieprawidłowy argument szablon dla "_Fty", oczekiwano typu
C:\Program Files (x86)\Microsoft Visual Studio\2019\Community\VC\Tools\MSVC\14.27.29110\include\functional(1107): message : zobacz deklarację „std::function”
C:\AOL\AOLGuiLibrary\include\agl\Block.h(136,54): error C2955: „std::function”: użycie klasy klasa szablon wymaga listy argumentów szablon
C:\Program Files (x86)\Microsoft Visual Studio\2019\Community\VC\Tools\MSVC\14.27.29110\include\functional(1107): message : zobacz deklarację „std::function”
C:\AOL\AOLGuiLibrary\include\agl\Block.h(138,26): error C2061: błąd składniowy: identyfikator „Event”
C:\AOL\AOLGuiLibrary\include\agl\Block.h(139,27): error C2061: błąd składniowy: identyfikator „Event”
C:\AOL\AOLGuiLibrary\include\agl\Block.h(171,28): error C2061: błąd składniowy: identyfikator „Event”
C:\AOL\AOLGuiLibrary\include\agl\builtins\Scrollbar.h(26,36): error C2061: błąd składniowy: identyfikator „Event”
C:\AOL\AOLGuiLibrary\include\agl\builtins\Scrollbar.h(27,24): error C2061: błąd składniowy: identyfikator „Event”
C:\AOL\AOLGuiLibrary\include\agl\builtins\Scrollbar.h(29,29): error C2061: błąd składniowy: identyfikator „Event”
C:\AOL\AOLGuiLibrary\source\builtins\Scrollbar.cpp(45,40): error C2065: "Event": niezadeklarowany identyfikator
C:\AOL\AOLGuiLibrary\source\builtins\Scrollbar.cpp(45,46): error C2146: błąd składniowy: brakuje „)” przed identyfikatorem „e”
C:\AOL\AOLGuiLibrary\source\builtins\Scrollbar.cpp(46,2): error C2143: błąd składniowy: brakuje „;” przed „{”
C:\AOL\AOLGuiLibrary\source\builtins\Scrollbar.cpp(46,2): error C2447: "{": brak nagłówka funkcji (stary styl formalnej listy?)
C:\AOL\AOLGuiLibrary\source\builtins\Scrollbar.cpp(53,28): error C2065: "Event": niezadeklarowany identyfikator
C:\AOL\AOLGuiLibrary\source\builtins\Scrollbar.cpp(53,34): error C2146: błąd składniowy: brakuje „)” przed identyfikatorem „e”
C:\AOL\AOLGuiLibrary\source\builtins\Scrollbar.cpp(54,2): error C2143: błąd składniowy: brakuje „;” przed „{”
C:\AOL\AOLGuiLibrary\source\builtins\Scrollbar.cpp(54,2): error C2447: "{": brak nagłówka funkcji (stary styl formalnej listy?)
C:\AOL\AOLGuiLibrary\source\builtins\Scrollbar.cpp(80,95): error C2664: „void agl::Block::add_event_function(std::function)”: nie można dokonać konwersji argumentu 1 z „std::_Binder<std::_Unforced,void (__cdecl agl::builtins::Scrollbar::* )(void),agl::builtins::Scrollbar *,const std::_Ph<1> &>” do „std::function”
C:\AOL\AOLGuiLibrary\source\builtins\Scrollbar.cpp(80,31): message : Nie jest dostępny żaden operator konwersji zdefiniowany przez użytkownika, który mógłby wykonać tę konwersję lub operator nie może zostać wywołany
C:\AOL\AOLGuiLibrary\include\agl\Block.h(136,8): message : zobacz deklarację „agl::Block::add_event_function”
C:\AOL\AOLGuiLibrary\source\builtins\Scrollbar.cpp(81,83): error C2664: „void agl::Block::add_event_function(std::function)”: nie można dokonać konwersji argumentu 1 z „std::_Binder<std::_Unforced,void (__cdecl agl::builtins::Scrollbar::* )(void),agl::builtins::Scrollbar *,const std::_Ph<1> &>” do „std::function”
C:\AOL\AOLGuiLibrary\source\builtins\Scrollbar.cpp(81,31): message : Nie jest dostępny żaden operator konwersji zdefiniowany przez użytkownika, który mógłby wykonać tę konwersję lub operator nie może zostać wywołany
C:\AOL\AOLGuiLibrary\include\agl\Block.h(136,8): message : zobacz deklarację „agl::Block::add_event_function”
C:\AOL\AOLGuiLibrary\source\builtins\Scrollbar.cpp(82,88): error C2664: „void agl::Block::add_event_function(std::function)”: nie można dokonać konwersji argumentu 1 z „std::_Binder<std::_Unforced,void (__cdecl agl::builtins::Scrollbar::* )(void),agl::builtins::Scrollbar *,const std::_Ph<1> &>” do „std::function”
C:\AOL\AOLGuiLibrary\source\builtins\Scrollbar.cpp(82,31): message : Nie jest dostępny żaden operator konwersji zdefiniowany przez użytkownika, który mógłby wykonać tę konwersję lub operator nie może zostać wywołany
C:\AOL\AOLGuiLibrary\include\agl\Block.h(136,8): message : zobacz deklarację „agl::Block::add_event_function”
C:\AOL\AOLGuiLibrary\source\builtins\Scrollbar.cpp(151,72): error C2660: "agl::Block::raise_event": funkcja nie przyjmuje 1 argumentów
C:\AOL\AOLGuiLibrary\include\agl\Block.h(138,8): message : zobacz deklarację „agl::Block::raise_event”
C:\AOL\AOLGuiLibrary\source\builtins\Scrollbar.cpp(211,33): error C2065: "Event": niezadeklarowany identyfikator
C:\AOL\AOLGuiLibrary\source\builtins\Scrollbar.cpp(211,39): error C2146: błąd składniowy: brakuje „)” przed identyfikatorem „e”
C:\AOL\AOLGuiLibrary\source\builtins\Scrollbar.cpp(212,2): error C2143: błąd składniowy: brakuje „;” przed „{”
C:\AOL\AOLGuiLibrary\source\builtins\Scrollbar.cpp(212,2): error C2447: "{": brak nagłówka funkcji (stary styl formalnej listy?)
  ScrollBlock.cpp
C:\AOL\AOLGuiLibrary\include\agl\Block.h(45,34): error C2065: "Event": niezadeklarowany identyfikator
C:\AOL\AOLGuiLibrary\include\agl\Block.h(45,20): error C2974: "std::function": nieprawidłowy argument szablon dla "_Fty", oczekiwano typu
C:\Program Files (x86)\Microsoft Visual Studio\2019\Community\VC\Tools\MSVC\14.27.29110\include\functional(1107): message : zobacz deklarację „std::function”
C:\AOL\AOLGuiLibrary\include\agl\Block.h(45,20): error C3203: „function”: klasy niespecjalizowanej klasa szablon nie można użyć jako argumentu szablon dla parametru szablon „_Ty”, oczekiwano typu rzeczywistego
C:\AOL\AOLGuiLibrary\include\agl\Block.h(64,28): error C2061: błąd składniowy: identyfikator „Event”
C:\AOL\AOLGuiLibrary\include\agl\Block.h(65,30): error C2061: błąd składniowy: identyfikator „Event”
C:\AOL\AOLGuiLibrary\include\agl\Block.h(67,29): error C2061: błąd składniowy: identyfikator „Event”
C:\AOL\AOLGuiLibrary\include\agl\Block.h(136,46): error C2065: "Event": niezadeklarowany identyfikator
C:\AOL\AOLGuiLibrary\include\agl\Block.h(136,32): error C2974: "std::function": nieprawidłowy argument szablon dla "_Fty", oczekiwano typu
C:\Program Files (x86)\Microsoft Visual Studio\2019\Community\VC\Tools\MSVC\14.27.29110\include\functional(1107): message : zobacz deklarację „std::function”
C:\AOL\AOLGuiLibrary\include\agl\Block.h(136,54): error C2955: „std::function”: użycie klasy klasa szablon wymaga listy argumentów szablon
C:\Program Files (x86)\Microsoft Visual Studio\2019\Community\VC\Tools\MSVC\14.27.29110\include\functional(1107): message : zobacz deklarację „std::function”
C:\AOL\AOLGuiLibrary\include\agl\Block.h(138,26): error C2061: błąd składniowy: identyfikator „Event”
C:\AOL\AOLGuiLibrary\include\agl\Block.h(139,27): error C2061: błąd składniowy: identyfikator „Event”
C:\AOL\AOLGuiLibrary\include\agl\Block.h(171,28): error C2061: błąd składniowy: identyfikator „Event”
C:\AOL\AOLGuiLibrary\include\agl\builtins\Scrollbar.h(26,36): error C2061: błąd składniowy: identyfikator „Event”
C:\AOL\AOLGuiLibrary\include\agl\builtins\Scrollbar.h(27,24): error C2061: błąd składniowy: identyfikator „Event”
C:\AOL\AOLGuiLibrary\include\agl\builtins\Scrollbar.h(29,29): error C2061: błąd składniowy: identyfikator „Event”
C:\AOL\AOLGuiLibrary\include\agl\builtins\ScrollBlock.h(11,31): error C2061: błąd składniowy: identyfikator „Event”
C:\AOL\AOLGuiLibrary\include\agl\builtins\ScrollBlock.h(27,44): error C2061: błąd składniowy: identyfikator „Event”
C:\AOL\AOLGuiLibrary\include\agl\builtins\ScrollBlock.h(28,24): error C2061: błąd składniowy: identyfikator „Event”
C:\AOL\AOLGuiLibrary\source\builtins\ScrollBlock.cpp(6,50): error C2065: "Event": niezadeklarowany identyfikator
C:\AOL\AOLGuiLibrary\source\builtins\ScrollBlock.cpp(6,56): error C2146: błąd składniowy: brakuje „)” przed identyfikatorem „e”
C:\AOL\AOLGuiLibrary\source\builtins\ScrollBlock.cpp(7,2): error C2143: błąd składniowy: brakuje „;” przed „{”
C:\AOL\AOLGuiLibrary\source\builtins\ScrollBlock.cpp(7,2): error C2447: "{": brak nagłówka funkcji (stary styl formalnej listy?)
C:\AOL\AOLGuiLibrary\source\builtins\ScrollBlock.cpp(18,30): error C2065: "Event": niezadeklarowany identyfikator
C:\AOL\AOLGuiLibrary\source\builtins\ScrollBlock.cpp(18,36): error C2146: błąd składniowy: brakuje „)” przed identyfikatorem „e”
C:\AOL\AOLGuiLibrary\source\builtins\ScrollBlock.cpp(19,2): error C2143: błąd składniowy: brakuje „;” przed „{”
C:\AOL\AOLGuiLibrary\source\builtins\ScrollBlock.cpp(19,2): error C2447: "{": brak nagłówka funkcji (stary styl formalnej listy?)
C:\AOL\AOLGuiLibrary\source\builtins\ScrollBlock.cpp(63,3): error C2664: „void agl::Block::add_event_function(std::function)”: nie można dokonać konwersji argumentu 1 z „std::_Binder<std::_Unforced,void (__cdecl agl::builtins::ScrollBlock::* )(void),agl::builtins::ScrollBlock *,const std::_Ph<1> &>” do „std::function”
C:\AOL\AOLGuiLibrary\source\builtins\ScrollBlock.cpp(64,13): message : Nie jest dostępny żaden operator konwersji zdefiniowany przez użytkownika, który mógłby wykonać tę konwersję lub operator nie może zostać wywołany
C:\AOL\AOLGuiLibrary\include\agl\Block.h(136,8): message : zobacz deklarację „agl::Block::add_event_function”
C:\AOL\AOLGuiLibrary\source\builtins\ScrollBlock.cpp(67,3): error C2664: „void agl::Block::add_event_function(std::function)”: nie można dokonać konwersji argumentu 1 z „std::_Binder<std::_Unforced,void (__cdecl agl::builtins::ScrollBlock::* )(void),agl::builtins::ScrollBlock *,const std::_Ph<1> &>” do „std::function”
C:\AOL\AOLGuiLibrary\source\builtins\ScrollBlock.cpp(68,13): message : Nie jest dostępny żaden operator konwersji zdefiniowany przez użytkownika, który mógłby wykonać tę konwersję lub operator nie może zostać wywołany
C:\AOL\AOLGuiLibrary\include\agl\Block.h(136,8): message : zobacz deklarację „agl::Block::add_event_function”
C:\AOL\AOLGuiLibrary\source\builtins\ScrollBlock.cpp(135,43): error C2065: "Event": niezadeklarowany identyfikator
C:\AOL\AOLGuiLibrary\source\builtins\ScrollBlock.cpp(135,49): error C2146: błąd składniowy: brakuje „)” przed identyfikatorem „e”
C:\AOL\AOLGuiLibrary\source\builtins\ScrollBlock.cpp(136,2): error C2143: błąd składniowy: brakuje „;” przed „{”
C:\AOL\AOLGuiLibrary\source\builtins\ScrollBlock.cpp(136,2): error C2447: "{": brak nagłówka funkcji (stary styl formalnej listy?)
C:\AOL\AOLGuiLibrary\source\builtins\ScrollBlock.cpp(146,3): error C2664: „void agl::Block::add_event_function(std::function)”: nie można dokonać konwersji argumentu 1 z „std::_Binder<std::_Unforced,void (__cdecl agl::builtins::ChildrenContainer::* )(void),agl::builtins::ChildrenContainer *,const std::_Ph<1> &>” do „std::function”
C:\AOL\AOLGuiLibrary\source\builtins\ScrollBlock.cpp(147,13): message : Nie jest dostępny żaden operator konwersji zdefiniowany przez użytkownika, który mógłby wykonać tę konwersję lub operator nie może zostać wywołany
C:\AOL\AOLGuiLibrary\include\agl\Block.h(136,8): message : zobacz deklarację „agl::Block::add_event_function”
  SelectionList.cpp
C:\AOL\AOLGuiLibrary\include\agl\Block.h(45,34): error C2065: "Event": niezadeklarowany identyfikator
C:\AOL\AOLGuiLibrary\include\agl\Block.h(45,20): error C2974: "std::function": nieprawidłowy argument szablon dla "_Fty", oczekiwano typu
C:\Program Files (x86)\Microsoft Visual Studio\2019\Community\VC\Tools\MSVC\14.27.29110\include\functional(1107): message : zobacz deklarację „std::function”
C:\AOL\AOLGuiLibrary\include\agl\Block.h(45,20): error C3203: „function”: klasy niespecjalizowanej klasa szablon nie można użyć jako argumentu szablon dla parametru szablon „_Ty”, oczekiwano typu rzeczywistego
C:\AOL\AOLGuiLibrary\include\agl\Block.h(64,28): error C2061: błąd składniowy: identyfikator „Event”
C:\AOL\AOLGuiLibrary\include\agl\Block.h(65,30): error C2061: błąd składniowy: identyfikator „Event”
C:\AOL\AOLGuiLibrary\include\agl\Block.h(67,29): error C2061: błąd składniowy: identyfikator „Event”
C:\AOL\AOLGuiLibrary\include\agl\Block.h(136,46): error C2065: "Event": niezadeklarowany identyfikator
C:\AOL\AOLGuiLibrary\include\agl\Block.h(136,32): error C2974: "std::function": nieprawidłowy argument szablon dla "_Fty", oczekiwano typu
C:\Program Files (x86)\Microsoft Visual Studio\2019\Community\VC\Tools\MSVC\14.27.29110\include\functional(1107): message : zobacz deklarację „std::function”
C:\AOL\AOLGuiLibrary\include\agl\Block.h(136,54): error C2955: „std::function”: użycie klasy klasa szablon wymaga listy argumentów szablon
C:\Program Files (x86)\Microsoft Visual Studio\2019\Community\VC\Tools\MSVC\14.27.29110\include\functional(1107): message : zobacz deklarację „std::function”
C:\AOL\AOLGuiLibrary\include\agl\Block.h(138,26): error C2061: błąd składniowy: identyfikator „Event”
C:\AOL\AOLGuiLibrary\include\agl\Block.h(139,27): error C2061: błąd składniowy: identyfikator „Event”
C:\AOL\AOLGuiLibrary\include\agl\Block.h(171,28): error C2061: błąd składniowy: identyfikator „Event”
C:\AOL\AOLGuiLibrary\include\agl\builtins\Flow.h(22,40): error C2061: błąd składniowy: identyfikator „Event”
C:\AOL\AOLGuiLibrary\include\agl\builtins\SelectionList.h(25,30): error C2061: błąd składniowy: identyfikator „Event”
C:\AOL\AOLGuiLibrary\source\builtins\SelectionList.cpp(7,38): error C2065: "Event": niezadeklarowany identyfikator
C:\AOL\AOLGuiLibrary\source\builtins\SelectionList.cpp(7,44): error C2146: błąd składniowy: brakuje „)” przed identyfikatorem „e”
C:\AOL\AOLGuiLibrary\source\builtins\SelectionList.cpp(8,2): error C2143: błąd składniowy: brakuje „;” przed „{”
C:\AOL\AOLGuiLibrary\source\builtins\SelectionList.cpp(8,2): error C2447: "{": brak nagłówka funkcji (stary styl formalnej listy?)
C:\AOL\AOLGuiLibrary\source\builtins\SelectionList.cpp(52,3): error C2664: „void agl::Block::add_event_function(std::function)”: nie można dokonać konwersji argumentu 1 z „std::_Binder<std::_Unforced,void (__cdecl agl::builtins::SelectionList::* )(void),agl::builtins::SelectionList *,const std::_Ph<1> &>” do „std::function”
C:\AOL\AOLGuiLibrary\source\builtins\SelectionList.cpp(53,13): message : Nie jest dostępny żaden operator konwersji zdefiniowany przez użytkownika, który mógłby wykonać tę konwersję lub operator nie może zostać wywołany
C:\AOL\AOLGuiLibrary\include\agl\Block.h(136,8): message : zobacz deklarację „agl::Block::add_event_function”
  EventHandler.cpp
C:\AOL\AOLGuiLibrary\include\agl\EventHandler.h(34,8): error C2143: błąd składniowy: brakuje „;” przed „*”
C:\AOL\AOLGuiLibrary\include\agl\EventHandler.h(34,8): error C4430: brak specyfikatora typu - założono, że int. Uwaga: C++ nie obsługuje domyślnie typu int
C:\AOL\AOLGuiLibrary\include\agl\EventHandler.h(34,20): error C2238: nieoczekiwany(e) token(y) poprzedzający(e) ";"
C:\AOL\AOLGuiLibrary\include\agl\EventHandler.h(35,8): error C2143: błąd składniowy: brakuje „;” przed „*”
C:\AOL\AOLGuiLibrary\include\agl\EventHandler.h(35,8): error C4430: brak specyfikatora typu - założono, że int. Uwaga: C++ nie obsługuje domyślnie typu int
C:\AOL\AOLGuiLibrary\include\agl\EventHandler.h(35,19): error C2238: nieoczekiwany(e) token(y) poprzedzający(e) ";"
  GraphicsHandler.cpp
  Gui.cpp
C:\AOL\AOLGuiLibrary\include\agl\Block.h(45,34): error C2065: "Event": niezadeklarowany identyfikator
C:\AOL\AOLGuiLibrary\include\agl\Block.h(45,20): error C2974: "std::function": nieprawidłowy argument szablon dla "_Fty", oczekiwano typu
C:\Program Files (x86)\Microsoft Visual Studio\2019\Community\VC\Tools\MSVC\14.27.29110\include\functional(1107): message : zobacz deklarację „std::function”
C:\AOL\AOLGuiLibrary\include\agl\Block.h(45,20): error C3203: „function”: klasy niespecjalizowanej klasa szablon nie można użyć jako argumentu szablon dla parametru szablon „_Ty”, oczekiwano typu rzeczywistego
C:\AOL\AOLGuiLibrary\include\agl\Block.h(64,28): error C2061: błąd składniowy: identyfikator „Event”
C:\AOL\AOLGuiLibrary\include\agl\Block.h(65,30): error C2061: błąd składniowy: identyfikator „Event”
C:\AOL\AOLGuiLibrary\include\agl\Block.h(67,29): error C2061: błąd składniowy: identyfikator „Event”
C:\AOL\AOLGuiLibrary\include\agl\Block.h(136,46): error C2065: "Event": niezadeklarowany identyfikator
C:\AOL\AOLGuiLibrary\include\agl\Block.h(136,32): error C2974: "std::function": nieprawidłowy argument szablon dla "_Fty", oczekiwano typu
C:\Program Files (x86)\Microsoft Visual Studio\2019\Community\VC\Tools\MSVC\14.27.29110\include\functional(1107): message : zobacz deklarację „std::function”
C:\AOL\AOLGuiLibrary\include\agl\Block.h(136,54): error C2955: „std::function”: użycie klasy klasa szablon wymaga listy argumentów szablon
C:\Program Files (x86)\Microsoft Visual Studio\2019\Community\VC\Tools\MSVC\14.27.29110\include\functional(1107): message : zobacz deklarację „std::function”
C:\AOL\AOLGuiLibrary\include\agl\Block.h(138,26): error C2061: błąd składniowy: identyfikator „Event”
C:\AOL\AOLGuiLibrary\include\agl\Block.h(139,27): error C2061: błąd składniowy: identyfikator „Event”
C:\AOL\AOLGuiLibrary\include\agl\Block.h(171,28): error C2061: błąd składniowy: identyfikator „Event”
  GuiGroup.cpp
C:\AOL\AOLGuiLibrary\include\agl\Block.h(45,34): error C2065: "Event": niezadeklarowany identyfikator
C:\AOL\AOLGuiLibrary\include\agl\Block.h(45,20): error C2974: "std::function": nieprawidłowy argument szablon dla "_Fty", oczekiwano typu
C:\Program Files (x86)\Microsoft Visual Studio\2019\Community\VC\Tools\MSVC\14.27.29110\include\functional(1107): message : zobacz deklarację „std::function”
C:\AOL\AOLGuiLibrary\include\agl\Block.h(45,20): error C3203: „function”: klasy niespecjalizowanej klasa szablon nie można użyć jako argumentu szablon dla parametru szablon „_Ty”, oczekiwano typu rzeczywistego
C:\AOL\AOLGuiLibrary\include\agl\Block.h(64,28): error C2061: błąd składniowy: identyfikator „Event”
C:\AOL\AOLGuiLibrary\include\agl\Block.h(65,30): error C2061: błąd składniowy: identyfikator „Event”
C:\AOL\AOLGuiLibrary\include\agl\Block.h(67,29): error C2061: błąd składniowy: identyfikator „Event”
C:\AOL\AOLGuiLibrary\include\agl\Block.h(136,46): error C2065: "Event": niezadeklarowany identyfikator
C:\AOL\AOLGuiLibrary\include\agl\Block.h(136,32): error C2974: "std::function": nieprawidłowy argument szablon dla "_Fty", oczekiwano typu
C:\Program Files (x86)\Microsoft Visual Studio\2019\Community\VC\Tools\MSVC\14.27.29110\include\functional(1107): message : zobacz deklarację „std::function”
C:\AOL\AOLGuiLibrary\include\agl\Block.h(136,54): error C2955: „std::function”: użycie klasy klasa szablon wymaga listy argumentów szablon
C:\Program Files (x86)\Microsoft Visual Studio\2019\Community\VC\Tools\MSVC\14.27.29110\include\functional(1107): message : zobacz deklarację „std::function”
C:\AOL\AOLGuiLibrary\include\agl\Block.h(138,26): error C2061: błąd składniowy: identyfikator „Event”
C:\AOL\AOLGuiLibrary\include\agl\Block.h(139,27): error C2061: błąd składniowy: identyfikator „Event”
C:\AOL\AOLGuiLibrary\include\agl\Block.h(171,28): error C2061: błąd składniowy: identyfikator „Event”
C:\AOL\AOLGuiLibrary\source\GuiGroup.cpp(40,20): error C2039: „calculated”: nie jest składową elementu „agl::Color”
C:\AOL\AOLGuiLibrary\include\agl\GraphicsHandler.h(22): message : zobacz deklarację „agl::Color”
C:\AOL\AOLGuiLibrary\source\GuiGroup.cpp(38,3): error C2660: "al_draw_line": funkcja nie przyjmuje 5 argumentów
C:\AOL\packages\Allegro.5.2.6\build\native\include\allegro5\allegro_primitives.h(218,1): message : zobacz deklarację „al_draw_line”
C:\AOL\AOLGuiLibrary\source\GuiGroup.cpp(125,29): error C2039: „calculated”: nie jest składową elementu „agl::Color”
C:\AOL\AOLGuiLibrary\include\agl\GraphicsHandler.h(22): message : zobacz deklarację „agl::Color”
C:\AOL\AOLGuiLibrary\source\GuiGroup.cpp(123,4): error C2660: "al_draw_filled_rectangle": funkcja nie przyjmuje 4 argumentów
C:\AOL\packages\Allegro.5.2.6\build\native\include\allegro5\allegro_primitives.h(237,1): message : zobacz deklarację „al_draw_filled_rectangle”
C:\AOL\AOLGuiLibrary\source\GuiGroup.cpp(131,26): error C2039: „calculated”: nie jest składową elementu „agl::Color”
C:\AOL\AOLGuiLibrary\include\agl\GraphicsHandler.h(22): message : zobacz deklarację „agl::Color”
C:\AOL\AOLGuiLibrary\source\GuiGroup.cpp(129,4): error C2660: "al_draw_text": funkcja nie przyjmuje 5 argumentów
C:\AOL\packages\Allegro.5.2.6\build\native\include\allegro5\allegro_font.h(87,1): message : zobacz deklarację „al_draw_text”
C:\AOL\AOLGuiLibrary\source\GuiGroup.cpp(147,29): error C2039: „calculated”: nie jest składową elementu „agl::Color”
C:\AOL\AOLGuiLibrary\include\agl\GraphicsHandler.h(22): message : zobacz deklarację „agl::Color”
C:\AOL\AOLGuiLibrary\source\GuiGroup.cpp(145,5): error C2660: "al_draw_text": funkcja nie przyjmuje 5 argumentów
C:\AOL\packages\Allegro.5.2.6\build\native\include\allegro5\allegro_font.h(87,1): message : zobacz deklarację „al_draw_text”
C:\AOL\AOLGuiLibrary\source\GuiGroup.cpp(189,28): error C2039: „calculated”: nie jest składową elementu „agl::Color”
C:\AOL\AOLGuiLibrary\include\agl\GraphicsHandler.h(22): message : zobacz deklarację „agl::Color”
C:\AOL\AOLGuiLibrary\source\GuiGroup.cpp(187,6): error C2660: "al_draw_text": funkcja nie przyjmuje 5 argumentów
C:\AOL\packages\Allegro.5.2.6\build\native\include\allegro5\allegro_font.h(87,1): message : zobacz deklarację „al_draw_text”
C:\AOL\AOLGuiLibrary\source\GuiGroup.cpp(204,33): error C2039: „calculated”: nie jest składową elementu „agl::Color”
C:\AOL\AOLGuiLibrary\include\agl\GraphicsHandler.h(22): message : zobacz deklarację „agl::Color”
C:\AOL\AOLGuiLibrary\source\GuiGroup.cpp(201,7): error C2660: "al_draw_filled_rectangle": funkcja nie przyjmuje 4 argumentów
C:\AOL\packages\Allegro.5.2.6\build\native\include\allegro5\allegro_primitives.h(237,1): message : zobacz deklarację „al_draw_filled_rectangle”
C:\AOL\AOLGuiLibrary\source\GuiGroup.cpp(212,19): error C2039: „calculated”: nie jest składową elementu „agl::Color”
C:\AOL\AOLGuiLibrary\include\agl\GraphicsHandler.h(22): message : zobacz deklarację „agl::Color”
C:\AOL\AOLGuiLibrary\source\GuiGroup.cpp(210,6): error C2660: "al_draw_text": funkcja nie przyjmuje 5 argumentów
C:\AOL\packages\Allegro.5.2.6\build\native\include\allegro5\allegro_font.h(87,1): message : zobacz deklarację „al_draw_text”
C:\AOL\AOLGuiLibrary\source\GuiGroup.cpp(246,36): error C2660: "agl::Block::raise_event": funkcja nie przyjmuje 1 argumentów
C:\AOL\AOLGuiLibrary\include\agl\Block.h(138,8): message : zobacz deklarację „agl::Block::raise_event”
C:\AOL\AOLGuiLibrary\source\GuiGroup.cpp(251,37): error C2660: "agl::Block::raise_event": funkcja nie przyjmuje 1 argumentów
C:\AOL\AOLGuiLibrary\include\agl\Block.h(138,8): message : zobacz deklarację „agl::Block::raise_event”
  Generowanie kodu...
