c:\aol\aolguilibrary\x64\debug\aolguilibrary.pdb
c:\aol\aolguilibrary\x64\debug\aolguilibrary.idb
c:\aol\aolguilibrary\x64\debug\guigroup.obj
c:\aol\aolguilibrary\x64\debug\gui.obj
c:\aol\aolguilibrary\x64\debug\eventhandler.obj
c:\aol\aolguilibrary\x64\debug\scrollblock.obj
c:\aol\aolguilibrary\x64\debug\scrollbar.obj
c:\aol\aolguilibrary\x64\debug\layout.obj
c:\aol\aolguilibrary\x64\debug\flow.obj
c:\aol\aolguilibrary\x64\debug\block.obj
c:\aol\aolguilibrary\x64\debug\base.obj
c:\aol\aolguilibrary\x64\debug\aolguilibrary.obj
c:\aol\aolguilibrary\x64\debug\button.obj
c:\aol\aolguilibrary\x64\debug\imageblock.obj
c:\aol\aol\lib\agl\aolguilibrary.lib
c:\aol\aolguilibrary\..\aol\lib\agl\aolguilibrary.lib
c:\aol\aolguilibrary\x64\debug\aolguilibrary.tlog\cl.command.1.tlog
c:\aol\aolguilibrary\x64\debug\aolguilibrary.tlog\cl.read.1.tlog
c:\aol\aolguilibrary\x64\debug\aolguilibrary.tlog\cl.write.1.tlog
c:\aol\aolguilibrary\x64\debug\aolguilibrary.tlog\lib-link.read.1.tlog
c:\aol\aolguilibrary\x64\debug\aolguilibrary.tlog\lib-link.write.1.tlog
c:\aol\aolguilibrary\x64\debug\aolguilibrary.tlog\lib.command.1.tlog
