  GameObject.cpp
  Setting.cpp
  confvers.cpp
  createguis.cpp
  App.cpp
  GameEvent.cpp
  Game.cpp
  gui.cpp
  LuaEventHandler.cpp
  LuaGameScript.cpp
  LuaModExecutor.cpp
  LuaModLoader.cpp
  LuaModule.cpp
  LuaRemote.cpp
  LuaSaveSystem.cpp
  LuaStorage.cpp
  lua_fn.cpp
  main.cpp
  Storage.cpp
  Trwa generowanie kodu
  Previous IPDB not found, fall back to full compilation.
  All 9440 functions were compiled because no usable IPDB/IOBJ from previous compilation was found.
  Zakończono generowanie kodu
  AOL.vcxproj -> C:\AOL\x64\Release\AOL.exe
