The system is: Windows - 10.0.19041 - AMD64
Compiling the C compiler identification source file "CMakeCCompilerId.c" succeeded.
Compiler:  
Build flags: 
Id flags:  

The output was:
0
Microsoft (R) Build Engine 16.7.0+b89cb5fde dla platformy .NET Framework
Copyright (C) Microsoft Corporation. Wszelkie prawa zastrzeľone.

Kompilacja rozpocz©a si© 14.11.2020 23:30:47.
Projekt "C:\aguitestingsite\aguitestingsite\lib\agui\build\CMakeFiles\3.18.0\CompilerIdC\CompilerIdC.vcxproj" w w©«le 1 (domylne elementy docelowe).
PrepareForBuild:
  Tworzenie katalogu "Debug\".
  Tworzenie katalogu "Debug\CompilerIdC.tlog\".
InitializeBuildStatus:
  Trwa tworzenie "Debug\CompilerIdC.tlog\unsuccessfulbuild", poniewaľ okrelono "AlwaysCreate".
ClCompile:
  C:\Program Files (x86)\Microsoft Visual Studio\2019\Community\VC\Tools\MSVC\14.27.29110\bin\HostX64\x64\CL.exe /c /nologo /W0 /WX- /diagnostics:column /Od /D _MBCS /Gm- /EHsc /RTC1 /MDd /GS /fp:precise /Zc:wchar_t /Zc:forScope /Zc:inline /Fo"Debug\\" /Fd"Debug\vc142.pdb" /Gd /TC /FC /errorReport:queue CMakeCCompilerId.c
  CMakeCCompilerId.c
Link:
  C:\Program Files (x86)\Microsoft Visual Studio\2019\Community\VC\Tools\MSVC\14.27.29110\bin\HostX64\x64\link.exe /ERRORREPORT:QUEUE /OUT:".\CompilerIdC.exe" /INCREMENTAL:NO /NOLOGO kernel32.lib user32.lib gdi32.lib winspool.lib comdlg32.lib advapi32.lib shell32.lib ole32.lib oleaut32.lib uuid.lib odbc32.lib odbccp32.lib /MANIFEST /MANIFESTUAC:"level='asInvoker' uiAccess='false'" /manifest:embed /PDB:".\CompilerIdC.pdb" /SUBSYSTEM:CONSOLE /TLBID:1 /DYNAMICBASE /NXCOMPAT /IMPLIB:".\CompilerIdC.lib" /MACHINE:X64 Debug\CMakeCCompilerId.obj
  CompilerIdC.vcxproj -> C:\aguitestingsite\aguitestingsite\lib\agui\build\CMakeFiles\3.18.0\CompilerIdC\.\CompilerIdC.exe
PostBuildEvent:
  for %%i in (cl.exe) do @echo CMAKE_C_COMPILER=%%~$PATH:i
  :VCEnd
  CMAKE_C_COMPILER=C:\Program Files (x86)\Microsoft Visual Studio\2019\Community\VC\Tools\MSVC\14.27.29110\bin\Hostx64\x64\cl.exe
FinalizeBuildStatus:
  Usuwanie pliku "Debug\CompilerIdC.tlog\unsuccessfulbuild".
  Modyfikowanie "Debug\CompilerIdC.tlog\CompilerIdC.lastbuildstate".
Kompilowanie projektu "C:\aguitestingsite\aguitestingsite\lib\agui\build\CMakeFiles\3.18.0\CompilerIdC\CompilerIdC.vcxproj" wykonane (domylne elementy docelowe).

Kompilacja powioda si©.
    Ostrzeľenia: 0
    Liczba b©d˘w: 0

Czas, kt˘ry upynĄ: 00:00:01.30


Compilation of the C compiler identification source "CMakeCCompilerId.c" produced "CompilerIdC.exe"

Compilation of the C compiler identification source "CMakeCCompilerId.c" produced "CompilerIdC.vcxproj"

The C compiler identification is MSVC, found in "C:/aguitestingsite/aguitestingsite/lib/agui/build/CMakeFiles/3.18.0/CompilerIdC/CompilerIdC.exe"

Compiling the CXX compiler identification source file "CMakeCXXCompilerId.cpp" succeeded.
Compiler:  
Build flags: 
Id flags:  

The output was:
0
Microsoft (R) Build Engine 16.7.0+b89cb5fde dla platformy .NET Framework
Copyright (C) Microsoft Corporation. Wszelkie prawa zastrzeľone.

Kompilacja rozpocz©a si© 14.11.2020 23:30:48.
Projekt "C:\aguitestingsite\aguitestingsite\lib\agui\build\CMakeFiles\3.18.0\CompilerIdCXX\CompilerIdCXX.vcxproj" w w©«le 1 (domylne elementy docelowe).
PrepareForBuild:
  Tworzenie katalogu "Debug\".
  Tworzenie katalogu "Debug\CompilerIdCXX.tlog\".
InitializeBuildStatus:
  Trwa tworzenie "Debug\CompilerIdCXX.tlog\unsuccessfulbuild", poniewaľ okrelono "AlwaysCreate".
ClCompile:
  C:\Program Files (x86)\Microsoft Visual Studio\2019\Community\VC\Tools\MSVC\14.27.29110\bin\HostX64\x64\CL.exe /c /nologo /W0 /WX- /diagnostics:column /Od /D _MBCS /Gm- /EHsc /RTC1 /MDd /GS /fp:precise /Zc:wchar_t /Zc:forScope /Zc:inline /Fo"Debug\\" /Fd"Debug\vc142.pdb" /Gd /TP /FC /errorReport:queue CMakeCXXCompilerId.cpp
  CMakeCXXCompilerId.cpp
Link:
  C:\Program Files (x86)\Microsoft Visual Studio\2019\Community\VC\Tools\MSVC\14.27.29110\bin\HostX64\x64\link.exe /ERRORREPORT:QUEUE /OUT:".\CompilerIdCXX.exe" /INCREMENTAL:NO /NOLOGO kernel32.lib user32.lib gdi32.lib winspool.lib comdlg32.lib advapi32.lib shell32.lib ole32.lib oleaut32.lib uuid.lib odbc32.lib odbccp32.lib /MANIFEST /MANIFESTUAC:"level='asInvoker' uiAccess='false'" /manifest:embed /PDB:".\CompilerIdCXX.pdb" /SUBSYSTEM:CONSOLE /TLBID:1 /DYNAMICBASE /NXCOMPAT /IMPLIB:".\CompilerIdCXX.lib" /MACHINE:X64 Debug\CMakeCXXCompilerId.obj
  CompilerIdCXX.vcxproj -> C:\aguitestingsite\aguitestingsite\lib\agui\build\CMakeFiles\3.18.0\CompilerIdCXX\.\CompilerIdCXX.exe
PostBuildEvent:
  for %%i in (cl.exe) do @echo CMAKE_CXX_COMPILER=%%~$PATH:i
  :VCEnd
  CMAKE_CXX_COMPILER=C:\Program Files (x86)\Microsoft Visual Studio\2019\Community\VC\Tools\MSVC\14.27.29110\bin\Hostx64\x64\cl.exe
FinalizeBuildStatus:
  Usuwanie pliku "Debug\CompilerIdCXX.tlog\unsuccessfulbuild".
  Modyfikowanie "Debug\CompilerIdCXX.tlog\CompilerIdCXX.lastbuildstate".
Kompilowanie projektu "C:\aguitestingsite\aguitestingsite\lib\agui\build\CMakeFiles\3.18.0\CompilerIdCXX\CompilerIdCXX.vcxproj" wykonane (domylne elementy docelowe).

Kompilacja powioda si©.
    Ostrzeľenia: 0
    Liczba b©d˘w: 0

Czas, kt˘ry upynĄ: 00:00:00.88


Compilation of the CXX compiler identification source "CMakeCXXCompilerId.cpp" produced "CompilerIdCXX.exe"

Compilation of the CXX compiler identification source "CMakeCXXCompilerId.cpp" produced "CompilerIdCXX.vcxproj"

The CXX compiler identification is MSVC, found in "C:/aguitestingsite/aguitestingsite/lib/agui/build/CMakeFiles/3.18.0/CompilerIdCXX/CompilerIdCXX.exe"

Detecting C compiler ABI info compiled with the following output:
Change Dir: C:/aguitestingsite/aguitestingsite/lib/agui/build/CMakeFiles/CMakeTmp

Run Build Command(s):C:/Program Files (x86)/Microsoft Visual Studio/2019/Community/MSBuild/Current/Bin/MSBuild.exe cmTC_b638f.vcxproj /p:Configuration=Debug /p:Platform=x64 /p:VisualStudioVersion=16.0 /v:m && Microsoft (R) Build Engine 16.7.0+b89cb5fde dla platformy .NET Framework
Copyright (C) Microsoft Corporation. Wszelkie prawa zastrzeľone.

  Microsoft (R) C/C++ wersja kompilatora optymalizujĄcego 19.27.29112 dla x64
  CMakeCCompilerABI.c
  Copyright (C) Microsoft Corporation. Wszystkie prawa zastrzeľone.
  cl /c /Zi /W3 /WX- /diagnostics:column /Od /Ob0 /D WIN32 /D _WINDOWS /D "CMAKE_INTDIR=\"Debug\"" /D _MBCS /Gm- /RTC1 /MDd /GS /fp:precise /Zc:wchar_t /Zc:forScope /Zc:inline /Fo"cmTC_b638f.dir\Debug\\" /Fd"cmTC_b638f.dir\Debug\vc142.pdb" /Gd /TC /errorReport:queue "C:\Users\micha\Downloads\cmake-3.18.0-win64-x64\share\cmake-3.18\Modules\CMakeCCompilerABI.c"
  cmTC_b638f.vcxproj -> C:\aguitestingsite\aguitestingsite\lib\agui\build\CMakeFiles\CMakeTmp\Debug\cmTC_b638f.exe



Detecting CXX compiler ABI info compiled with the following output:
Change Dir: C:/aguitestingsite/aguitestingsite/lib/agui/build/CMakeFiles/CMakeTmp

Run Build Command(s):C:/Program Files (x86)/Microsoft Visual Studio/2019/Community/MSBuild/Current/Bin/MSBuild.exe cmTC_4ada0.vcxproj /p:Configuration=Debug /p:Platform=x64 /p:VisualStudioVersion=16.0 /v:m && Microsoft (R) Build Engine 16.7.0+b89cb5fde dla platformy .NET Framework
Copyright (C) Microsoft Corporation. Wszelkie prawa zastrzeľone.

  Microsoft (R) C/C++ wersja kompilatora optymalizujĄcego 19.27.29112 dla x64
  CMakeCXXCompilerABI.cpp
  Copyright (C) Microsoft Corporation. Wszystkie prawa zastrzeľone.
  cl /c /Zi /W3 /WX- /diagnostics:column /Od /Ob0 /D WIN32 /D _WINDOWS /D "CMAKE_INTDIR=\"Debug\"" /D _MBCS /Gm- /EHsc /RTC1 /MDd /GS /fp:precise /Zc:wchar_t /Zc:forScope /Zc:inline /GR /Fo"cmTC_4ada0.dir\Debug\\" /Fd"cmTC_4ada0.dir\Debug\vc142.pdb" /Gd /TP /errorReport:queue "C:\Users\micha\Downloads\cmake-3.18.0-win64-x64\share\cmake-3.18\Modules\CMakeCXXCompilerABI.cpp"
  cmTC_4ada0.vcxproj -> C:\aguitestingsite\aguitestingsite\lib\agui\build\CMakeFiles\CMakeTmp\Debug\cmTC_4ada0.exe



