c:\aol\aol\debug\vc142.pdb
c:\aol\aol\debug\vc142.idb
c:\aol\aol\debug\script.obj
c:\aol\aol\debug\main.obj
c:\aol\aol\debug\proto.obj
c:\aol\aol\debug\globals.obj
c:\aol\aol\debug\game.obj
c:\aol\aol\debug\createguis.obj
c:\aol\aol\debug\technology.obj
c:\aol\aol\debug\age.obj
c:\aol\aol\debug\gameobject.obj
c:\aol\aol\debug\setup.obj
c:\aol\debug\aol.exe
c:\aol\debug\aol.ilk
c:\aol\debug\aol.pdb
c:\aol\aol\debug\aol.tlog\cl.command.1.tlog
c:\aol\aol\debug\aol.tlog\cl.read.1.tlog
c:\aol\aol\debug\aol.tlog\cl.write.1.tlog
c:\aol\aol\debug\aol.tlog\link.5276-cvtres.read.1.tlog
c:\aol\aol\debug\aol.tlog\link.5276-cvtres.write.1.tlog
c:\aol\aol\debug\aol.tlog\link.5276-rc.read.1.tlog
c:\aol\aol\debug\aol.tlog\link.5276-rc.write.1.tlog
c:\aol\aol\debug\aol.tlog\link.5276.read.1.tlog
c:\aol\aol\debug\aol.tlog\link.5276.write.1.tlog
c:\aol\aol\debug\aol.tlog\link.command.1.tlog
c:\aol\aol\debug\aol.tlog\link.read.1.tlog
c:\aol\aol\debug\aol.tlog\link.write.1.tlog
