c:\aol\aol\x64\debug\vc142.pdb
c:\aol\aol\x64\debug\vc142.idb
c:\aol\aol\x64\debug\storage.obj
c:\aol\aol\x64\debug\main.obj
c:\aol\aol\x64\debug\lua_fn.obj
c:\aol\aol\x64\debug\luastorage.obj
c:\aol\aol\x64\debug\luasavesystem.obj
c:\aol\aol\x64\debug\luaremote.obj
c:\aol\aol\x64\debug\luamodule.obj
c:\aol\aol\x64\debug\luamodloader.obj
c:\aol\aol\x64\debug\luamodexecutor.obj
c:\aol\aol\x64\debug\luagamescript.obj
c:\aol\aol\x64\debug\luaeventhandler.obj
c:\aol\aol\x64\debug\gui.obj
c:\aol\aol\x64\debug\game.obj
c:\aol\aol\x64\debug\gameevent.obj
c:\aol\aol\x64\debug\app.obj
c:\aol\aol\x64\debug\setting.obj
c:\aol\aol\x64\debug\gameobject.obj
c:\aol\aol\x64\debug\aol.tlog\cl.command.1.tlog
c:\aol\aol\x64\debug\aol.tlog\cl.read.1.tlog
c:\aol\aol\x64\debug\aol.tlog\cl.write.1.tlog
